<?xml version="1.0" encoding="UTF-8"?>
<testng-results ignored="0" total="7" passed="7" failed="0" skipped="0">
  <reporter-output>
  </reporter-output>
  <suite started-at="2022-05-06T11:20:49 IST" name="Default suite" finished-at="2022-05-06T11:21:59 IST" duration-ms="70086">
    <groups>
    </groups>
    <test started-at="2022-05-06T11:20:49 IST" name="Default test" finished-at="2022-05-06T11:21:59 IST" duration-ms="70086">
      <class name="com.sgtesting.scenerios.Scenerio1">
        <test-method signature="LaunchBrowser()[pri:1, instance:com.sgtesting.scenerios.Scenerio1@71def8f8]" started-at="2022-05-06T11:20:49 IST" name="LaunchBrowser" finished-at="2022-05-06T11:21:03 IST" duration-ms="13771" status="PASS">
          <reporter-output>
          </reporter-output>
        </test-method> <!-- LaunchBrowser -->
        <test-method signature="navigate()[pri:2, instance:com.sgtesting.scenerios.Scenerio1@71def8f8]" started-at="2022-05-06T11:21:03 IST" name="navigate" finished-at="2022-05-06T11:21:47 IST" duration-ms="44261" status="PASS">
          <reporter-output>
          </reporter-output>
        </test-method> <!-- navigate -->
        <test-method signature="Login(java.lang.String,java.lang.String)[pri:3, instance:com.sgtesting.scenerios.Scenerio1@71def8f8]" started-at="2022-05-06T11:21:47 IST" name="Login" data-provider="credentails" finished-at="2022-05-06T11:21:58 IST" duration-ms="10254" status="PASS">
          <params>
            <param index="0">
              <value>
                <![CDATA[admin]]>
              </value>
            </param>
            <param index="1">
              <value>
                <![CDATA[manager]]>
              </value>
            </param>
          </params>
          <reporter-output>
          </reporter-output>
        </test-method> <!-- Login -->
        <test-method signature="CreateUser(java.lang.String,java.lang.String,java.lang.String,java.lang.String,java.lang.String,java.lang.String)[pri:4, instance:com.sgtesting.scenerios.Scenerio1@71def8f8]" started-at="2022-05-06T11:21:58 IST" name="CreateUser" data-provider="createuser" finished-at="2022-05-06T11:21:58 IST" duration-ms="70" status="PASS">
          <params>
            <param index="0">
              <value>
                <![CDATA[Sujeeth]]>
              </value>
            </param>
            <param index="1">
              <value>
                <![CDATA[Kumar]]>
              </value>
            </param>
            <param index="2">
              <value>
                <![CDATA[sujeeth@gmail.com]]>
              </value>
            </param>
            <param index="3">
              <value>
                <![CDATA[Sujeethkumar]]>
              </value>
            </param>
            <param index="4">
              <value>
                <![CDATA[Welcome123]]>
              </value>
            </param>
            <param index="5">
              <value>
                <![CDATA[Welcome123]]>
              </value>
            </param>
          </params>
          <reporter-output>
          </reporter-output>
        </test-method> <!-- CreateUser -->
        <test-method signature="DeleteUser()[pri:5, instance:com.sgtesting.scenerios.Scenerio1@71def8f8]" started-at="2022-05-06T11:21:58 IST" name="DeleteUser" finished-at="2022-05-06T11:21:58 IST" duration-ms="56" status="PASS">
          <reporter-output>
          </reporter-output>
        </test-method> <!-- DeleteUser -->
        <test-method signature="Logout()[pri:6, instance:com.sgtesting.scenerios.Scenerio1@71def8f8]" started-at="2022-05-06T11:21:58 IST" name="Logout" finished-at="2022-05-06T11:21:58 IST" duration-ms="47" status="PASS">
          <reporter-output>
          </reporter-output>
        </test-method> <!-- Logout -->
        <test-method signature="CloseApplication()[pri:7, instance:com.sgtesting.scenerios.Scenerio1@71def8f8]" started-at="2022-05-06T11:21:58 IST" name="CloseApplication" finished-at="2022-05-06T11:21:59 IST" duration-ms="1489" status="PASS">
          <reporter-output>
          </reporter-output>
        </test-method> <!-- CloseApplication -->
      </class> <!-- com.sgtesting.scenerios.Scenerio1 -->
    </test> <!-- Default test -->
  </suite> <!-- Default suite -->
</testng-results>
