<?xml version="1.0" encoding="UTF-8"?>
<!-- Generated by org.testng.reporters.JUnitXMLReporter -->
<testsuite ignored="0" hostname="DESKTOP-01AHNCJ" failures="0" tests="7" name="Default test" time="70.086" errors="0" timestamp="2022-05-06T11:21:59 IST">
  <testcase classname="com.sgtesting.scenerios.Scenerio1" name="LaunchBrowser" time="13.771"/>
  <testcase classname="com.sgtesting.scenerios.Scenerio1" name="navigate" time="44.261"/>
  <testcase classname="com.sgtesting.scenerios.Scenerio1" name="Login" time="10.254"/>
  <testcase classname="com.sgtesting.scenerios.Scenerio1" name="CreateUser" time="0.07"/>
  <testcase classname="com.sgtesting.scenerios.Scenerio1" name="DeleteUser" time="0.056"/>
  <testcase classname="com.sgtesting.scenerios.Scenerio1" name="Logout" time="0.047"/>
  <testcase classname="com.sgtesting.scenerios.Scenerio1" name="CloseApplication" time="1.489"/>
</testsuite> <!-- Default test -->
