<?xml version="1.0" encoding="UTF-8"?>
<!-- Generated by org.testng.reporters.JUnitXMLReporter -->
<testsuite ignored="0" hostname="DESKTOP-01AHNCJ" failures="0" tests="7" name="Create User" time="129.514" errors="0" timestamp="2022-04-25T10:40:06 IST">
  <testcase classname="com.sgtesting.scenerios.Scenerio1" name="LaunchBrowser" time="26.612"/>
  <testcase classname="com.sgtesting.scenerios.Scenerio1" name="navigate" time="52.707"/>
  <testcase classname="com.sgtesting.scenerios.Scenerio1" name="Login" time="15.799"/>
  <testcase classname="com.sgtesting.scenerios.Scenerio1" name="CreateUser" time="25.784"/>
  <testcase classname="com.sgtesting.scenerios.Scenerio1" name="DeleteUser" time="5.099"/>
  <testcase classname="com.sgtesting.scenerios.Scenerio1" name="Logout" time="1.175"/>
  <testcase classname="com.sgtesting.scenerios.Scenerio1" name="CloseApplication" time="2.207"/>
</testsuite> <!-- Create User -->
