<?xml version="1.0" encoding="UTF-8"?>
<testng-results skipped="0" failed="0" ignored="0" total="1" passed="1">
  <reporter-output>
  </reporter-output>
  <suite name="Cucumber BDD Automation" duration-ms="35570" started-at="2022-05-08T13:30:17 IST" finished-at="2022-05-08T13:30:53 IST">
    <groups>
    </groups>
    <test name="TestScripts" duration-ms="35570" started-at="2022-05-08T13:30:17 IST" finished-at="2022-05-08T13:30:53 IST">
      <class name="com.sgtesting.actitime.driverscript.DriverScript">
        <test-method status="PASS" signature="setUpClass()[pri:0, instance:com.sgtesting.actitime.driverscript.DriverScript@c81cdd1]" name="setUpClass" is-config="true" duration-ms="1547" started-at="2022-05-08T13:30:17 IST" finished-at="2022-05-08T13:30:19 IST">
          <reporter-output>
          </reporter-output>
        </test-method> <!-- setUpClass -->
        <test-method status="PASS" signature="feature(cucumber.api.testng.CucumberFeatureWrapper)[pri:0, instance:com.sgtesting.actitime.driverscript.DriverScript@c81cdd1]" name="feature" duration-ms="33592" started-at="2022-05-08T13:30:19 IST" data-provider="features" finished-at="2022-05-08T13:30:53 IST">
          <params>
            <param index="0">
              <value>
                <![CDATA[Login and Logout functionality]]>
              </value>
            </param>
          </params>
          <reporter-output>
          </reporter-output>
        </test-method> <!-- feature -->
      </class> <!-- com.sgtesting.actitime.driverscript.DriverScript -->
    </test> <!-- TestScripts -->
  </suite> <!-- Cucumber BDD Automation -->
</testng-results>
